TimeQuest Timing Analyzer report for MemoriaRAM
Wed Jun 26 17:42:17 2024
Quartus II 64-Bit Version 13.0.1 Build 232 06/12/2013 Service Pack 1 SJ Web Edition


---------------------
; Table of Contents ;
---------------------
  1. Legal Notice
  2. TimeQuest Timing Analyzer Summary
  3. Parallel Compilation
  4. Clocks
  5. Fmax Summary
  6. Setup Summary
  7. Hold Summary
  8. Recovery Summary
  9. Removal Summary
 10. Minimum Pulse Width Summary
 11. Minimum Pulse Width: 'clk_i'
 12. Setup Times
 13. Hold Times
 14. Clock to Output Times
 15. Minimum Clock to Output Times
 16. Propagation Delay
 17. Minimum Propagation Delay
 18. Clock Transfers
 19. Report TCCS
 20. Report RSKM
 21. Unconstrained Paths
 22. TimeQuest Timing Analyzer Messages



----------------
; Legal Notice ;
----------------
Copyright (C) 1991-2013 Altera Corporation
Your use of Altera Corporation's design tools, logic functions 
and other software and tools, and its AMPP partner logic 
functions, and any output files from any of the foregoing 
(including device programming or simulation files), and any 
associated documentation or information are expressly subject 
to the terms and conditions of the Altera Program License 
Subscription Agreement, Altera MegaCore Function License 
Agreement, or other applicable license agreement, including, 
without limitation, that your use is for the sole purpose of 
programming logic devices manufactured by Altera and sold by 
Altera or its authorized distributors.  Please refer to the 
applicable agreement for further details.



+----------------------------------------------------------------------------------------+
; TimeQuest Timing Analyzer Summary                                                      ;
+--------------------+-------------------------------------------------------------------+
; Quartus II Version ; Version 13.0.1 Build 232 06/12/2013 Service Pack 1 SJ Web Edition ;
; Revision Name      ; MemoriaRAM                                                        ;
; Device Family      ; MAX V                                                             ;
; Device Name        ; 5M240ZT100I5                                                      ;
; Timing Models      ; Final                                                             ;
; Delay Model        ; Slow Model                                                        ;
; Rise/Fall Delays   ; Unavailable                                                       ;
+--------------------+-------------------------------------------------------------------+


Parallel compilation was disabled, but you have multiple processors available. Enable parallel compilation to reduce compilation time.
+-------------------------------------+
; Parallel Compilation                ;
+----------------------------+--------+
; Processors                 ; Number ;
+----------------------------+--------+
; Number detected on machine ; 8      ;
; Maximum allowed            ; 1      ;
+----------------------------+--------+


+-----------------------------------------------------------------------------------------------------------------------------------------------------------------------------------+
; Clocks                                                                                                                                                                            ;
+------------+------+--------+------------+-------+-------+------------+-----------+-------------+-------+--------+-----------+------------+----------+--------+--------+-----------+
; Clock Name ; Type ; Period ; Frequency  ; Rise  ; Fall  ; Duty Cycle ; Divide by ; Multiply by ; Phase ; Offset ; Edge List ; Edge Shift ; Inverted ; Master ; Source ; Targets   ;
+------------+------+--------+------------+-------+-------+------------+-----------+-------------+-------+--------+-----------+------------+----------+--------+--------+-----------+
; clk_i      ; Base ; 1.000  ; 1000.0 MHz ; 0.000 ; 0.500 ;            ;           ;             ;       ;        ;           ;            ;          ;        ;        ; { clk_i } ;
+------------+------+--------+------------+-------+-------+------------+-----------+-------------+-------+--------+-----------+------------+----------+--------+--------+-----------+


----------------
; Fmax Summary ;
----------------
No paths to report.


-----------------
; Setup Summary ;
-----------------
No paths to report.


----------------
; Hold Summary ;
----------------
No paths to report.


--------------------
; Recovery Summary ;
--------------------
No paths to report.


-------------------
; Removal Summary ;
-------------------
No paths to report.


+--------------------------------+
; Minimum Pulse Width Summary    ;
+-------+--------+---------------+
; Clock ; Slack  ; End Point TNS ;
+-------+--------+---------------+
; clk_i ; -2.289 ; -2.289        ;
+-------+--------+---------------+


+-----------------------------------------------------------------------------------------+
; Minimum Pulse Width: 'clk_i'                                                            ;
+--------+--------------+----------------+------------------+-------+------------+--------+
; Slack  ; Actual Width ; Required Width ; Type             ; Clock ; Clock Edge ; Target ;
+--------+--------------+----------------+------------------+-------+------------+--------+
; -2.289 ; 1.000        ; 3.289          ; Port Rate        ; clk_i ; Rise       ; clk_i  ;
; 0.161  ; 0.500        ; 0.339          ; High Pulse Width ; clk_i ; Rise       ; RAM~0  ;
; 0.161  ; 0.500        ; 0.339          ; Low Pulse Width  ; clk_i ; Rise       ; RAM~0  ;
; 0.161  ; 0.500        ; 0.339          ; High Pulse Width ; clk_i ; Rise       ; RAM~1  ;
; 0.161  ; 0.500        ; 0.339          ; Low Pulse Width  ; clk_i ; Rise       ; RAM~1  ;
; 0.161  ; 0.500        ; 0.339          ; High Pulse Width ; clk_i ; Rise       ; RAM~10 ;
; 0.161  ; 0.500        ; 0.339          ; Low Pulse Width  ; clk_i ; Rise       ; RAM~10 ;
; 0.161  ; 0.500        ; 0.339          ; High Pulse Width ; clk_i ; Rise       ; RAM~11 ;
; 0.161  ; 0.500        ; 0.339          ; Low Pulse Width  ; clk_i ; Rise       ; RAM~11 ;
; 0.161  ; 0.500        ; 0.339          ; High Pulse Width ; clk_i ; Rise       ; RAM~12 ;
; 0.161  ; 0.500        ; 0.339          ; Low Pulse Width  ; clk_i ; Rise       ; RAM~12 ;
; 0.161  ; 0.500        ; 0.339          ; High Pulse Width ; clk_i ; Rise       ; RAM~13 ;
; 0.161  ; 0.500        ; 0.339          ; Low Pulse Width  ; clk_i ; Rise       ; RAM~13 ;
; 0.161  ; 0.500        ; 0.339          ; High Pulse Width ; clk_i ; Rise       ; RAM~14 ;
; 0.161  ; 0.500        ; 0.339          ; Low Pulse Width  ; clk_i ; Rise       ; RAM~14 ;
; 0.161  ; 0.500        ; 0.339          ; High Pulse Width ; clk_i ; Rise       ; RAM~15 ;
; 0.161  ; 0.500        ; 0.339          ; Low Pulse Width  ; clk_i ; Rise       ; RAM~15 ;
; 0.161  ; 0.500        ; 0.339          ; High Pulse Width ; clk_i ; Rise       ; RAM~16 ;
; 0.161  ; 0.500        ; 0.339          ; Low Pulse Width  ; clk_i ; Rise       ; RAM~16 ;
; 0.161  ; 0.500        ; 0.339          ; High Pulse Width ; clk_i ; Rise       ; RAM~17 ;
; 0.161  ; 0.500        ; 0.339          ; Low Pulse Width  ; clk_i ; Rise       ; RAM~17 ;
; 0.161  ; 0.500        ; 0.339          ; High Pulse Width ; clk_i ; Rise       ; RAM~18 ;
; 0.161  ; 0.500        ; 0.339          ; Low Pulse Width  ; clk_i ; Rise       ; RAM~18 ;
; 0.161  ; 0.500        ; 0.339          ; High Pulse Width ; clk_i ; Rise       ; RAM~19 ;
; 0.161  ; 0.500        ; 0.339          ; Low Pulse Width  ; clk_i ; Rise       ; RAM~19 ;
; 0.161  ; 0.500        ; 0.339          ; High Pulse Width ; clk_i ; Rise       ; RAM~2  ;
; 0.161  ; 0.500        ; 0.339          ; Low Pulse Width  ; clk_i ; Rise       ; RAM~2  ;
; 0.161  ; 0.500        ; 0.339          ; High Pulse Width ; clk_i ; Rise       ; RAM~20 ;
; 0.161  ; 0.500        ; 0.339          ; Low Pulse Width  ; clk_i ; Rise       ; RAM~20 ;
; 0.161  ; 0.500        ; 0.339          ; High Pulse Width ; clk_i ; Rise       ; RAM~21 ;
; 0.161  ; 0.500        ; 0.339          ; Low Pulse Width  ; clk_i ; Rise       ; RAM~21 ;
; 0.161  ; 0.500        ; 0.339          ; High Pulse Width ; clk_i ; Rise       ; RAM~22 ;
; 0.161  ; 0.500        ; 0.339          ; Low Pulse Width  ; clk_i ; Rise       ; RAM~22 ;
; 0.161  ; 0.500        ; 0.339          ; High Pulse Width ; clk_i ; Rise       ; RAM~23 ;
; 0.161  ; 0.500        ; 0.339          ; Low Pulse Width  ; clk_i ; Rise       ; RAM~23 ;
; 0.161  ; 0.500        ; 0.339          ; High Pulse Width ; clk_i ; Rise       ; RAM~24 ;
; 0.161  ; 0.500        ; 0.339          ; Low Pulse Width  ; clk_i ; Rise       ; RAM~24 ;
; 0.161  ; 0.500        ; 0.339          ; High Pulse Width ; clk_i ; Rise       ; RAM~25 ;
; 0.161  ; 0.500        ; 0.339          ; Low Pulse Width  ; clk_i ; Rise       ; RAM~25 ;
; 0.161  ; 0.500        ; 0.339          ; High Pulse Width ; clk_i ; Rise       ; RAM~26 ;
; 0.161  ; 0.500        ; 0.339          ; Low Pulse Width  ; clk_i ; Rise       ; RAM~26 ;
; 0.161  ; 0.500        ; 0.339          ; High Pulse Width ; clk_i ; Rise       ; RAM~27 ;
; 0.161  ; 0.500        ; 0.339          ; Low Pulse Width  ; clk_i ; Rise       ; RAM~27 ;
; 0.161  ; 0.500        ; 0.339          ; High Pulse Width ; clk_i ; Rise       ; RAM~28 ;
; 0.161  ; 0.500        ; 0.339          ; Low Pulse Width  ; clk_i ; Rise       ; RAM~28 ;
; 0.161  ; 0.500        ; 0.339          ; High Pulse Width ; clk_i ; Rise       ; RAM~29 ;
; 0.161  ; 0.500        ; 0.339          ; Low Pulse Width  ; clk_i ; Rise       ; RAM~29 ;
; 0.161  ; 0.500        ; 0.339          ; High Pulse Width ; clk_i ; Rise       ; RAM~3  ;
; 0.161  ; 0.500        ; 0.339          ; Low Pulse Width  ; clk_i ; Rise       ; RAM~3  ;
; 0.161  ; 0.500        ; 0.339          ; High Pulse Width ; clk_i ; Rise       ; RAM~30 ;
; 0.161  ; 0.500        ; 0.339          ; Low Pulse Width  ; clk_i ; Rise       ; RAM~30 ;
; 0.161  ; 0.500        ; 0.339          ; High Pulse Width ; clk_i ; Rise       ; RAM~31 ;
; 0.161  ; 0.500        ; 0.339          ; Low Pulse Width  ; clk_i ; Rise       ; RAM~31 ;
; 0.161  ; 0.500        ; 0.339          ; High Pulse Width ; clk_i ; Rise       ; RAM~32 ;
; 0.161  ; 0.500        ; 0.339          ; Low Pulse Width  ; clk_i ; Rise       ; RAM~32 ;
; 0.161  ; 0.500        ; 0.339          ; High Pulse Width ; clk_i ; Rise       ; RAM~33 ;
; 0.161  ; 0.500        ; 0.339          ; Low Pulse Width  ; clk_i ; Rise       ; RAM~33 ;
; 0.161  ; 0.500        ; 0.339          ; High Pulse Width ; clk_i ; Rise       ; RAM~34 ;
; 0.161  ; 0.500        ; 0.339          ; Low Pulse Width  ; clk_i ; Rise       ; RAM~34 ;
; 0.161  ; 0.500        ; 0.339          ; High Pulse Width ; clk_i ; Rise       ; RAM~35 ;
; 0.161  ; 0.500        ; 0.339          ; Low Pulse Width  ; clk_i ; Rise       ; RAM~35 ;
; 0.161  ; 0.500        ; 0.339          ; High Pulse Width ; clk_i ; Rise       ; RAM~36 ;
; 0.161  ; 0.500        ; 0.339          ; Low Pulse Width  ; clk_i ; Rise       ; RAM~36 ;
; 0.161  ; 0.500        ; 0.339          ; High Pulse Width ; clk_i ; Rise       ; RAM~37 ;
; 0.161  ; 0.500        ; 0.339          ; Low Pulse Width  ; clk_i ; Rise       ; RAM~37 ;
; 0.161  ; 0.500        ; 0.339          ; High Pulse Width ; clk_i ; Rise       ; RAM~38 ;
; 0.161  ; 0.500        ; 0.339          ; Low Pulse Width  ; clk_i ; Rise       ; RAM~38 ;
; 0.161  ; 0.500        ; 0.339          ; High Pulse Width ; clk_i ; Rise       ; RAM~39 ;
; 0.161  ; 0.500        ; 0.339          ; Low Pulse Width  ; clk_i ; Rise       ; RAM~39 ;
; 0.161  ; 0.500        ; 0.339          ; High Pulse Width ; clk_i ; Rise       ; RAM~4  ;
; 0.161  ; 0.500        ; 0.339          ; Low Pulse Width  ; clk_i ; Rise       ; RAM~4  ;
; 0.161  ; 0.500        ; 0.339          ; High Pulse Width ; clk_i ; Rise       ; RAM~40 ;
; 0.161  ; 0.500        ; 0.339          ; Low Pulse Width  ; clk_i ; Rise       ; RAM~40 ;
; 0.161  ; 0.500        ; 0.339          ; High Pulse Width ; clk_i ; Rise       ; RAM~41 ;
; 0.161  ; 0.500        ; 0.339          ; Low Pulse Width  ; clk_i ; Rise       ; RAM~41 ;
; 0.161  ; 0.500        ; 0.339          ; High Pulse Width ; clk_i ; Rise       ; RAM~42 ;
; 0.161  ; 0.500        ; 0.339          ; Low Pulse Width  ; clk_i ; Rise       ; RAM~42 ;
; 0.161  ; 0.500        ; 0.339          ; High Pulse Width ; clk_i ; Rise       ; RAM~43 ;
; 0.161  ; 0.500        ; 0.339          ; Low Pulse Width  ; clk_i ; Rise       ; RAM~43 ;
; 0.161  ; 0.500        ; 0.339          ; High Pulse Width ; clk_i ; Rise       ; RAM~44 ;
; 0.161  ; 0.500        ; 0.339          ; Low Pulse Width  ; clk_i ; Rise       ; RAM~44 ;
; 0.161  ; 0.500        ; 0.339          ; High Pulse Width ; clk_i ; Rise       ; RAM~45 ;
; 0.161  ; 0.500        ; 0.339          ; Low Pulse Width  ; clk_i ; Rise       ; RAM~45 ;
; 0.161  ; 0.500        ; 0.339          ; High Pulse Width ; clk_i ; Rise       ; RAM~46 ;
; 0.161  ; 0.500        ; 0.339          ; Low Pulse Width  ; clk_i ; Rise       ; RAM~46 ;
; 0.161  ; 0.500        ; 0.339          ; High Pulse Width ; clk_i ; Rise       ; RAM~47 ;
; 0.161  ; 0.500        ; 0.339          ; Low Pulse Width  ; clk_i ; Rise       ; RAM~47 ;
; 0.161  ; 0.500        ; 0.339          ; High Pulse Width ; clk_i ; Rise       ; RAM~48 ;
; 0.161  ; 0.500        ; 0.339          ; Low Pulse Width  ; clk_i ; Rise       ; RAM~48 ;
; 0.161  ; 0.500        ; 0.339          ; High Pulse Width ; clk_i ; Rise       ; RAM~49 ;
; 0.161  ; 0.500        ; 0.339          ; Low Pulse Width  ; clk_i ; Rise       ; RAM~49 ;
; 0.161  ; 0.500        ; 0.339          ; High Pulse Width ; clk_i ; Rise       ; RAM~5  ;
; 0.161  ; 0.500        ; 0.339          ; Low Pulse Width  ; clk_i ; Rise       ; RAM~5  ;
; 0.161  ; 0.500        ; 0.339          ; High Pulse Width ; clk_i ; Rise       ; RAM~50 ;
; 0.161  ; 0.500        ; 0.339          ; Low Pulse Width  ; clk_i ; Rise       ; RAM~50 ;
; 0.161  ; 0.500        ; 0.339          ; High Pulse Width ; clk_i ; Rise       ; RAM~51 ;
; 0.161  ; 0.500        ; 0.339          ; Low Pulse Width  ; clk_i ; Rise       ; RAM~51 ;
; 0.161  ; 0.500        ; 0.339          ; High Pulse Width ; clk_i ; Rise       ; RAM~52 ;
; 0.161  ; 0.500        ; 0.339          ; Low Pulse Width  ; clk_i ; Rise       ; RAM~52 ;
; 0.161  ; 0.500        ; 0.339          ; High Pulse Width ; clk_i ; Rise       ; RAM~53 ;
+--------+--------------+----------------+------------------+-------+------------+--------+


+--------------------------------------------------------------------------------+
; Setup Times                                                                    ;
+------------------+------------+--------+--------+------------+-----------------+
; Data Port        ; Clock Port ; Rise   ; Fall   ; Clock Edge ; Clock Reference ;
+------------------+------------+--------+--------+------------+-----------------+
; addr_i[*]        ; clk_i      ; 24.718 ; 24.718 ; Rise       ; clk_i           ;
;  addr_i[0]       ; clk_i      ; 21.956 ; 21.956 ; Rise       ; clk_i           ;
;  addr_i[1]       ; clk_i      ; 20.596 ; 20.596 ; Rise       ; clk_i           ;
;  addr_i[2]       ; clk_i      ; 22.149 ; 22.149 ; Rise       ; clk_i           ;
;  addr_i[3]       ; clk_i      ; 24.718 ; 24.718 ; Rise       ; clk_i           ;
; dato_write_i[*]  ; clk_i      ; 12.352 ; 12.352 ; Rise       ; clk_i           ;
;  dato_write_i[0] ; clk_i      ; 12.352 ; 12.352 ; Rise       ; clk_i           ;
;  dato_write_i[1] ; clk_i      ; 9.591  ; 9.591  ; Rise       ; clk_i           ;
;  dato_write_i[2] ; clk_i      ; 9.473  ; 9.473  ; Rise       ; clk_i           ;
;  dato_write_i[3] ; clk_i      ; 7.703  ; 7.703  ; Rise       ; clk_i           ;
; rst_i            ; clk_i      ; 18.792 ; 18.792 ; Rise       ; clk_i           ;
; wren_i           ; clk_i      ; 17.920 ; 17.920 ; Rise       ; clk_i           ;
+------------------+------------+--------+--------+------------+-----------------+


+----------------------------------------------------------------------------------+
; Hold Times                                                                       ;
+------------------+------------+---------+---------+------------+-----------------+
; Data Port        ; Clock Port ; Rise    ; Fall    ; Clock Edge ; Clock Reference ;
+------------------+------------+---------+---------+------------+-----------------+
; addr_i[*]        ; clk_i      ; -11.413 ; -11.413 ; Rise       ; clk_i           ;
;  addr_i[0]       ; clk_i      ; -11.413 ; -11.413 ; Rise       ; clk_i           ;
;  addr_i[1]       ; clk_i      ; -12.789 ; -12.789 ; Rise       ; clk_i           ;
;  addr_i[2]       ; clk_i      ; -11.879 ; -11.879 ; Rise       ; clk_i           ;
;  addr_i[3]       ; clk_i      ; -12.502 ; -12.502 ; Rise       ; clk_i           ;
; dato_write_i[*]  ; clk_i      ; -4.293  ; -4.293  ; Rise       ; clk_i           ;
;  dato_write_i[0] ; clk_i      ; -5.313  ; -5.313  ; Rise       ; clk_i           ;
;  dato_write_i[1] ; clk_i      ; -4.943  ; -4.943  ; Rise       ; clk_i           ;
;  dato_write_i[2] ; clk_i      ; -4.293  ; -4.293  ; Rise       ; clk_i           ;
;  dato_write_i[3] ; clk_i      ; -4.803  ; -4.803  ; Rise       ; clk_i           ;
; rst_i            ; clk_i      ; -8.092  ; -8.092  ; Rise       ; clk_i           ;
; wren_i           ; clk_i      ; -9.434  ; -9.434  ; Rise       ; clk_i           ;
+------------------+------------+---------+---------+------------+-----------------+


+-------------------------------------------------------------------------------+
; Clock to Output Times                                                         ;
+-----------------+------------+--------+--------+------------+-----------------+
; Data Port       ; Clock Port ; Rise   ; Fall   ; Clock Edge ; Clock Reference ;
+-----------------+------------+--------+--------+------------+-----------------+
; dato_read_o[*]  ; clk_i      ; 45.557 ; 45.557 ; Rise       ; clk_i           ;
;  dato_read_o[0] ; clk_i      ; 35.402 ; 35.402 ; Rise       ; clk_i           ;
;  dato_read_o[1] ; clk_i      ; 37.397 ; 37.397 ; Rise       ; clk_i           ;
;  dato_read_o[2] ; clk_i      ; 40.913 ; 40.913 ; Rise       ; clk_i           ;
;  dato_read_o[3] ; clk_i      ; 45.557 ; 45.557 ; Rise       ; clk_i           ;
+-----------------+------------+--------+--------+------------+-----------------+


+-------------------------------------------------------------------------------+
; Minimum Clock to Output Times                                                 ;
+-----------------+------------+--------+--------+------------+-----------------+
; Data Port       ; Clock Port ; Rise   ; Fall   ; Clock Edge ; Clock Reference ;
+-----------------+------------+--------+--------+------------+-----------------+
; dato_read_o[*]  ; clk_i      ; 19.887 ; 19.887 ; Rise       ; clk_i           ;
;  dato_read_o[0] ; clk_i      ; 21.207 ; 21.207 ; Rise       ; clk_i           ;
;  dato_read_o[1] ; clk_i      ; 19.887 ; 19.887 ; Rise       ; clk_i           ;
;  dato_read_o[2] ; clk_i      ; 26.514 ; 26.514 ; Rise       ; clk_i           ;
;  dato_read_o[3] ; clk_i      ; 23.945 ; 23.945 ; Rise       ; clk_i           ;
+-----------------+------------+--------+--------+------------+-----------------+


+---------------------------------------------------------+
; Propagation Delay                                       ;
+------------+----------------+--------+----+----+--------+
; Input Port ; Output Port    ; RR     ; RF ; FR ; FF     ;
+------------+----------------+--------+----+----+--------+
; addr_i[0]  ; dato_read_o[0] ; 33.642 ;    ;    ; 33.642 ;
; addr_i[0]  ; dato_read_o[1] ; 31.414 ;    ;    ; 31.414 ;
; addr_i[0]  ; dato_read_o[2] ; 42.618 ;    ;    ; 42.618 ;
; addr_i[0]  ; dato_read_o[3] ; 33.918 ;    ;    ; 33.918 ;
; addr_i[1]  ; dato_read_o[0] ; 33.605 ;    ;    ; 33.605 ;
; addr_i[1]  ; dato_read_o[1] ; 28.406 ;    ;    ; 28.406 ;
; addr_i[1]  ; dato_read_o[2] ; 43.111 ;    ;    ; 43.111 ;
; addr_i[1]  ; dato_read_o[3] ; 37.636 ;    ;    ; 37.636 ;
; addr_i[2]  ; dato_read_o[0] ; 24.176 ;    ;    ; 24.176 ;
; addr_i[2]  ; dato_read_o[1] ; 37.165 ;    ;    ; 37.165 ;
; addr_i[2]  ; dato_read_o[2] ; 31.361 ;    ;    ; 31.361 ;
; addr_i[2]  ; dato_read_o[3] ; 43.322 ;    ;    ; 43.322 ;
; addr_i[3]  ; dato_read_o[0] ; 28.417 ;    ;    ; 28.417 ;
; addr_i[3]  ; dato_read_o[1] ; 41.589 ;    ;    ; 41.589 ;
; addr_i[3]  ; dato_read_o[2] ; 30.519 ;    ;    ; 30.519 ;
; addr_i[3]  ; dato_read_o[3] ; 41.459 ;    ;    ; 41.459 ;
; rden_i     ; dato_read_o[0] ; 17.602 ;    ;    ; 17.602 ;
; rden_i     ; dato_read_o[1] ; 13.920 ;    ;    ; 13.920 ;
; rden_i     ; dato_read_o[2] ; 17.595 ;    ;    ; 17.595 ;
; rden_i     ; dato_read_o[3] ; 17.894 ;    ;    ; 17.894 ;
+------------+----------------+--------+----+----+--------+


+---------------------------------------------------------+
; Minimum Propagation Delay                               ;
+------------+----------------+--------+----+----+--------+
; Input Port ; Output Port    ; RR     ; RF ; FR ; FF     ;
+------------+----------------+--------+----+----+--------+
; addr_i[0]  ; dato_read_o[0] ; 21.377 ;    ;    ; 21.377 ;
; addr_i[0]  ; dato_read_o[1] ; 17.680 ;    ;    ; 17.680 ;
; addr_i[0]  ; dato_read_o[2] ; 21.370 ;    ;    ; 21.370 ;
; addr_i[0]  ; dato_read_o[3] ; 23.159 ;    ;    ; 23.159 ;
; addr_i[1]  ; dato_read_o[0] ; 23.239 ;    ;    ; 23.239 ;
; addr_i[1]  ; dato_read_o[1] ; 19.542 ;    ;    ; 19.542 ;
; addr_i[1]  ; dato_read_o[2] ; 23.232 ;    ;    ; 23.232 ;
; addr_i[1]  ; dato_read_o[3] ; 25.021 ;    ;    ; 25.021 ;
; addr_i[2]  ; dato_read_o[0] ; 20.841 ;    ;    ; 20.841 ;
; addr_i[2]  ; dato_read_o[1] ; 17.144 ;    ;    ; 17.144 ;
; addr_i[2]  ; dato_read_o[2] ; 20.834 ;    ;    ; 20.834 ;
; addr_i[2]  ; dato_read_o[3] ; 22.623 ;    ;    ; 22.623 ;
; addr_i[3]  ; dato_read_o[0] ; 24.343 ;    ;    ; 24.343 ;
; addr_i[3]  ; dato_read_o[1] ; 21.376 ;    ;    ; 21.376 ;
; addr_i[3]  ; dato_read_o[2] ; 25.066 ;    ;    ; 25.066 ;
; addr_i[3]  ; dato_read_o[3] ; 26.855 ;    ;    ; 26.855 ;
; rden_i     ; dato_read_o[0] ; 17.602 ;    ;    ; 17.602 ;
; rden_i     ; dato_read_o[1] ; 13.920 ;    ;    ; 13.920 ;
; rden_i     ; dato_read_o[2] ; 17.595 ;    ;    ; 17.595 ;
; rden_i     ; dato_read_o[3] ; 17.894 ;    ;    ; 17.894 ;
+------------+----------------+--------+----+----+--------+


-------------------
; Clock Transfers ;
-------------------
Nothing to report.


---------------
; Report TCCS ;
---------------
No dedicated SERDES Transmitter circuitry present in device or used in design


---------------
; Report RSKM ;
---------------
No dedicated SERDES Receiver circuitry present in device or used in design


+------------------------------------------------+
; Unconstrained Paths                            ;
+---------------------------------+-------+------+
; Property                        ; Setup ; Hold ;
+---------------------------------+-------+------+
; Illegal Clocks                  ; 0     ; 0    ;
; Unconstrained Clocks            ; 0     ; 0    ;
; Unconstrained Input Ports       ; 11    ; 11   ;
; Unconstrained Input Port Paths  ; 468   ; 468  ;
; Unconstrained Output Ports      ; 4     ; 4    ;
; Unconstrained Output Port Paths ; 84    ; 84   ;
+---------------------------------+-------+------+


+------------------------------------+
; TimeQuest Timing Analyzer Messages ;
+------------------------------------+
Info: *******************************************************************
Info: Running Quartus II 64-Bit TimeQuest Timing Analyzer
    Info: Version 13.0.1 Build 232 06/12/2013 Service Pack 1 SJ Web Edition
    Info: Processing started: Wed Jun 26 17:42:15 2024
Info: Command: quartus_sta MemoriaRAM -c MemoriaRAM
Info: qsta_default_script.tcl version: #1
Warning (20028): Parallel compilation is not licensed and has been disabled
Info (21077): Low junction temperature is -40 degrees C
Info (21077): High junction temperature is 100 degrees C
Info (306004): Started post-fitting delay annotation
Info (306005): Delay annotation completed successfully
Critical Warning (332012): Synopsys Design Constraints File file not found: 'MemoriaRAM.sdc'. A Synopsys Design Constraints File is required by the TimeQuest Timing Analyzer to get proper timing constraints. Without it, the Compiler will not properly optimize the design.
Info (332142): No user constrained base clocks found in the design. Calling "derive_clocks -period 1.0"
Info (332105): Deriving Clocks
    Info (332105): create_clock -period 1.000 -name clk_i clk_i
Info: Found TIMEQUEST_REPORT_SCRIPT_INCLUDE_DEFAULT_ANALYSIS = ON
Info (332140): No fmax paths to report
Info (332140): No Setup paths to report
Info (332140): No Hold paths to report
Info (332140): No Recovery paths to report
Info (332140): No Removal paths to report
Critical Warning (332148): Timing requirements not met
Info (332146): Worst-case minimum pulse width slack is -2.289
    Info (332119):     Slack End Point TNS Clock 
    Info (332119): ========= ============= =====================
    Info (332119):    -2.289        -2.289 clk_i 
Info (332001): The selected device family is not supported by the report_metastability command.
Info (332102): Design is not fully constrained for setup requirements
Info (332102): Design is not fully constrained for hold requirements
Info: Quartus II 64-Bit TimeQuest Timing Analyzer was successful. 0 errors, 3 warnings
    Info: Peak virtual memory: 4509 megabytes
    Info: Processing ended: Wed Jun 26 17:42:17 2024
    Info: Elapsed time: 00:00:02
    Info: Total CPU time (on all processors): 00:00:01


